{
  "RSpec": {
    "coverage": {
      "/home/ahsanul/testing_base/spec/controllers/healthz_controller_spec.rb": [
        1,
        1,
        null,
        1,
        1,
        null,
        2,
        null,
        1,
        1,
        null,
        1,
        1,
        null,
        null,
        null
      ],
      "/home/ahsanul/testing_base/app/controllers/application_controller.rb": [
        1,
        null,
        1,
        null,
        1,
        3,
        null,
        null,
        null
      ],
      "/home/ahsanul/testing_base/app/controllers/healthz_controller.rb": [
        1,
        null,
        1,
        1,
        null,
        null,
        null
      ],
      "/home/ahsanul/testing_base/spec/controllers/user_controller_spec.rb": [
        1,
        1,
        1,
        null,
        1,
        1,
        1,
        null,
        2,
        null,
        null,
        null,
        1,
        1,
        null,
        1,
        1,
        null,
        null,
        1,
        1,
        null,
        1,
        1,
        null,
        null,
        null
      ],
      "/home/ahsanul/testing_base/app/controllers/user_controller.rb": [
        1,
        null,
        1,
        2,
        2,
        null,
        null,
        1,
        1,
        1,
        null,
        null,
        null,
        2,
        null,
        1,
        null,
        null,
        1,
        2,
        null,
        null,
        null,
        1,
        null,
        null,
        1,
        null,
        1,
        2,
        4,
        null,
        null,
        null
      ],
      "/home/ahsanul/testing_base/app/models/users.rb": [
        1,
        1,
        1,
        4,
        4,
        4,
        null,
        null,
        1,
        4,
        null,
        null,
        1,
        3,
        null,
        null
      ]
    },
    "timestamp": 1536932455
  }
}
